0 verbose cli C:\Program Files\nodejs\node.exe C:\Program Files\nodejs\node_modules\npm\bin\npm-cli.js
1 info using npm@10.2.3
2 info using node@v21.2.0
3 timing npm:load:whichnode Completed in 2ms
4 timing config:load:defaults Completed in 2ms
5 timing config:load:file:C:\Program Files\nodejs\node_modules\npm\npmrc Completed in 4ms
6 timing config:load:builtin Completed in 4ms
7 timing config:load:cli Completed in 2ms
8 timing config:load:env Completed in 1ms
9 timing config:load:file:C:\Users\Teoh\posthub\.npmrc Completed in 1ms
10 timing config:load:project Completed in 2ms
11 timing config:load:file:C:\Users\Teoh\.npmrc Completed in 0ms
12 timing config:load:user Completed in 0ms
13 timing config:load:file:C:\Users\Teoh\posthub\UsersTeohAppDataRoamingnpm\etc\npmrc Completed in 1ms
14 timing config:load:global Completed in 1ms
15 timing config:load:setEnvs Completed in 0ms
16 timing config:load Completed in 12ms
17 timing npm:load:configload Completed in 12ms
18 timing config:load:flatten Completed in 2ms
19 timing npm:load:mkdirpcache Completed in 1ms
20 timing npm:load:mkdirplogs Completed in 0ms
21 verbose title npm install tailwindcss
22 verbose argv "install" "--save-dev" "tailwindcss"
23 timing npm:load:setTitle Completed in 1ms
24 timing npm:load:display Completed in 0ms
25 verbose logfile logs-max:10 dir:C:\Users\Teoh\posthub\UsersTeohAppDataLocalnpm-cache\_logs\2024-01-27T14_15_35_767Z-
26 verbose logfile C:\Users\Teoh\posthub\UsersTeohAppDataLocalnpm-cache\_logs\2024-01-27T14_15_35_767Z-debug-0.log
27 timing npm:load:logFile Completed in 8ms
28 timing npm:load:timers Completed in 0ms
29 timing npm:load:configScope Completed in 1ms
30 timing npm:load Completed in 50ms
31 timing arborist:ctor Completed in 0ms
32 silly logfile done cleaning log files
33 timing idealTree:init Completed in 55ms
34 timing idealTree:userRequests Completed in 1ms
35 silly idealTree buildDeps
36 silly fetch manifest tailwindcss@^3.3.0
37 timing arborist:ctor Completed in 0ms
38 http fetch GET 200 https://registry.npmjs.org/tailwindcss 1040ms (cache miss)
39 silly placeDep ROOT tailwindcss@3.4.1 REPLACE for: posthub@0.1.0 want: ^3.3.0
40 timing idealTree:#root Completed in 1070ms
41 timing idealTree:node_modules/tailwindcss Completed in 0ms
42 timing idealTree:buildDeps Completed in 1072ms
43 timing idealTree:fixDepFlags Completed in 1ms
44 timing idealTree Completed in 1131ms
45 timing reify:loadTrees Completed in 1132ms
46 timing reify:diffTrees Completed in 8ms
47 silly reify moves {}
48 timing reify:retireShallow Completed in 1ms
49 timing reify:createSparse Completed in 3ms
50 timing reify:loadBundles Completed in 0ms
51 silly audit bulk request {
51 silly audit   '@alloc/quick-lru': [ '5.2.0' ],
51 silly audit   '@isaacs/cliui': [ '8.0.2' ],
51 silly audit   '@jridgewell/gen-mapping': [ '0.3.3' ],
51 silly audit   '@jridgewell/resolve-uri': [ '3.1.1' ],
51 silly audit   '@jridgewell/set-array': [ '1.1.2' ],
51 silly audit   '@jridgewell/sourcemap-codec': [ '1.4.15' ],
51 silly audit   '@jridgewell/trace-mapping': [ '0.3.22' ],
51 silly audit   '@next/env': [ '14.1.0' ],
51 silly audit   '@next/swc-darwin-arm64': [ '14.1.0' ],
51 silly audit   '@next/swc-darwin-x64': [ '14.1.0' ],
51 silly audit   '@next/swc-linux-arm64-gnu': [ '14.1.0' ],
51 silly audit   '@next/swc-linux-arm64-musl': [ '14.1.0' ],
51 silly audit   '@next/swc-linux-x64-gnu': [ '14.1.0' ],
51 silly audit   '@next/swc-linux-x64-musl': [ '14.1.0' ],
51 silly audit   '@next/swc-win32-arm64-msvc': [ '14.1.0' ],
51 silly audit   '@next/swc-win32-ia32-msvc': [ '14.1.0' ],
51 silly audit   '@next/swc-win32-x64-msvc': [ '14.1.0' ],
51 silly audit   '@nodelib/fs.scandir': [ '2.1.5' ],
51 silly audit   '@nodelib/fs.stat': [ '2.0.5' ],
51 silly audit   '@nodelib/fs.walk': [ '1.2.8' ],
51 silly audit   '@pkgjs/parseargs': [ '0.11.0' ],
51 silly audit   '@swc/helpers': [ '0.5.2' ],
51 silly audit   '@types/node': [ '20.11.7' ],
51 silly audit   '@types/prop-types': [ '15.7.11' ],
51 silly audit   '@types/react': [ '18.2.48' ],
51 silly audit   '@types/react-dom': [ '18.2.18' ],
51 silly audit   '@types/scheduler': [ '0.16.8' ],
51 silly audit   'ansi-regex': [ '6.0.1', '5.0.1' ],
51 silly audit   'ansi-styles': [ '6.2.1', '4.3.0' ],
51 silly audit   'any-promise': [ '1.3.0' ],
51 silly audit   anymatch: [ '3.1.3' ],
51 silly audit   arg: [ '5.0.2' ],
51 silly audit   autoprefixer: [ '10.4.17' ],
51 silly audit   'balanced-match': [ '1.0.2' ],
51 silly audit   'binary-extensions': [ '2.2.0' ],
51 silly audit   'brace-expansion': [ '2.0.1' ],
51 silly audit   braces: [ '3.0.2' ],
51 silly audit   browserslist: [ '4.22.3' ],
51 silly audit   busboy: [ '1.6.0' ],
51 silly audit   'camelcase-css': [ '2.0.1' ],
51 silly audit   'caniuse-lite': [ '1.0.30001580' ],
51 silly audit   chokidar: [ '3.5.3' ],
51 silly audit   'glob-parent': [ '5.1.2', '6.0.2' ],
51 silly audit   'client-only': [ '0.0.1' ],
51 silly audit   'color-convert': [ '2.0.1' ],
51 silly audit   'color-name': [ '1.1.4' ],
51 silly audit   commander: [ '4.1.1' ],
51 silly audit   'cross-spawn': [ '7.0.3' ],
51 silly audit   cssesc: [ '3.0.0' ],
51 silly audit   csstype: [ '3.1.3' ],
51 silly audit   didyoumean: [ '1.2.2' ],
51 silly audit   dlv: [ '1.1.3' ],
51 silly audit   eastasianwidth: [ '0.2.0' ],
51 silly audit   'electron-to-chromium': [ '1.4.648' ],
51 silly audit   'emoji-regex': [ '9.2.2', '8.0.0' ],
51 silly audit   escalade: [ '3.1.1' ],
51 silly audit   'fast-glob': [ '3.3.2' ],
51 silly audit   fastq: [ '1.17.0' ],
51 silly audit   'fill-range': [ '7.0.1' ],
51 silly audit   'foreground-child': [ '3.1.1' ],
51 silly audit   'fraction.js': [ '4.3.7' ],
51 silly audit   fsevents: [ '2.3.3' ],
51 silly audit   'function-bind': [ '1.1.2' ],
51 silly audit   glob: [ '10.3.10' ],
51 silly audit   'graceful-fs': [ '4.2.11' ],
51 silly audit   hasown: [ '2.0.0' ],
51 silly audit   'is-binary-path': [ '2.1.0' ],
51 silly audit   'is-core-module': [ '2.13.1' ],
51 silly audit   'is-extglob': [ '2.1.1' ],
51 silly audit   'is-fullwidth-code-point': [ '3.0.0' ],
51 silly audit   'is-glob': [ '4.0.3' ],
51 silly audit   'is-number': [ '7.0.0' ],
51 silly audit   isexe: [ '2.0.0' ],
51 silly audit   jackspeak: [ '2.3.6' ],
51 silly audit   jiti: [ '1.21.0' ],
51 silly audit   'js-tokens': [ '4.0.0' ],
51 silly audit   lilconfig: [ '2.1.0', '3.0.0' ],
51 silly audit   'lines-and-columns': [ '1.2.4' ],
51 silly audit   'loose-envify': [ '1.4.0' ],
51 silly audit   'lru-cache': [ '10.2.0' ],
51 silly audit   merge2: [ '1.4.1' ],
51 silly audit   micromatch: [ '4.0.5' ],
51 silly audit   minimatch: [ '9.0.3' ],
51 silly audit   minipass: [ '7.0.4' ],
51 silly audit   mz: [ '2.7.0' ],
51 silly audit   nanoid: [ '3.3.7' ],
51 silly audit   next: [ '14.1.0' ],
51 silly audit   postcss: [ '8.4.31', '8.4.33' ],
51 silly audit   'node-releases': [ '2.0.14' ],
51 silly audit   'normalize-path': [ '3.0.0' ],
51 silly audit   'normalize-range': [ '0.1.2' ],
51 silly audit   'object-assign': [ '4.1.1' ],
51 silly audit   'object-hash': [ '3.0.0' ],
51 silly audit   'path-key': [ '3.1.1' ],
51 silly audit   'path-parse': [ '1.0.7' ],
51 silly audit   'path-scurry': [ '1.10.1' ],
51 silly audit   picocolors: [ '1.0.0' ],
51 silly audit   picomatch: [ '2.3.1' ],
51 silly audit   pify: [ '2.3.0' ],
51 silly audit   pirates: [ '4.0.6' ],
51 silly audit   'postcss-import': [ '15.1.0' ],
51 silly audit   'postcss-js': [ '4.0.1' ],
51 silly audit   'postcss-load-config': [ '4.0.2' ],
51 silly audit   'postcss-nested': [ '6.0.1' ],
51 silly audit   'postcss-selector-parser': [ '6.0.15' ],
51 silly audit   'postcss-value-parser': [ '4.2.0' ],
51 silly audit   'queue-microtask': [ '1.2.3' ],
51 silly audit   react: [ '18.2.0' ],
51 silly audit   'react-dom': [ '18.2.0' ],
51 silly audit   'read-cache': [ '1.0.0' ],
51 silly audit   readdirp: [ '3.6.0' ],
51 silly audit   resolve: [ '1.22.8' ],
51 silly audit   reusify: [ '1.0.4' ],
51 silly audit   'run-parallel': [ '1.2.0' ],
51 silly audit   scheduler: [ '0.23.0' ],
51 silly audit   'shebang-command': [ '2.0.0' ],
51 silly audit   'shebang-regex': [ '3.0.0' ],
51 silly audit   'signal-exit': [ '4.1.0' ],
51 silly audit   'source-map-js': [ '1.0.2' ],
51 silly audit   streamsearch: [ '1.1.0' ],
51 silly audit   'string-width': [ '5.1.2', '4.2.3' ],
51 silly audit   'strip-ansi': [ '6.0.1', '7.1.0' ],
51 silly audit   'styled-jsx': [ '5.1.1' ],
51 silly audit   sucrase: [ '3.35.0' ],
51 silly audit   'supports-preserve-symlinks-flag': [ '1.0.0' ],
51 silly audit   thenify: [ '3.3.1' ],
51 silly audit   'thenify-all': [ '1.6.0' ],
51 silly audit   'to-regex-range': [ '5.0.1' ],
51 silly audit   'ts-interface-checker': [ '0.1.13' ],
51 silly audit   tslib: [ '2.6.2' ],
51 silly audit   typescript: [ '5.3.3' ],
51 silly audit   'undici-types': [ '5.26.5' ],
51 silly audit   'update-browserslist-db': [ '1.0.13' ],
51 silly audit   'util-deprecate': [ '1.0.2' ],
51 silly audit   which: [ '2.0.2' ],
51 silly audit   'wrap-ansi': [ '8.1.0', '7.0.0' ],
51 silly audit   yaml: [ '2.3.4' ],
51 silly audit   tailwindcss: [ '3.4.1' ]
51 silly audit }
52 verbose reify failed optional dependency C:\Users\Teoh\posthub\node_modules\fsevents
53 silly reify mark deleted [ 'C:\\Users\\Teoh\\posthub\\node_modules\\fsevents' ]
54 verbose reify failed optional dependency C:\Users\Teoh\posthub\node_modules\@next\swc-win32-ia32-msvc
55 silly reify mark deleted [
55 silly reify   'C:\\Users\\Teoh\\posthub\\node_modules\\@next\\swc-win32-ia32-msvc'
55 silly reify ]
56 verbose reify failed optional dependency C:\Users\Teoh\posthub\node_modules\@next\swc-win32-arm64-msvc
57 silly reify mark deleted [
57 silly reify   'C:\\Users\\Teoh\\posthub\\node_modules\\@next\\swc-win32-arm64-msvc'
57 silly reify ]
58 verbose reify failed optional dependency C:\Users\Teoh\posthub\node_modules\@next\swc-linux-x64-musl
59 silly reify mark deleted [ 'C:\\Users\\Teoh\\posthub\\node_modules\\@next\\swc-linux-x64-musl' ]
60 verbose reify failed optional dependency C:\Users\Teoh\posthub\node_modules\@next\swc-linux-x64-gnu
61 silly reify mark deleted [ 'C:\\Users\\Teoh\\posthub\\node_modules\\@next\\swc-linux-x64-gnu' ]
62 verbose reify failed optional dependency C:\Users\Teoh\posthub\node_modules\@next\swc-linux-arm64-musl
63 silly reify mark deleted [
63 silly reify   'C:\\Users\\Teoh\\posthub\\node_modules\\@next\\swc-linux-arm64-musl'
63 silly reify ]
64 verbose reify failed optional dependency C:\Users\Teoh\posthub\node_modules\@next\swc-linux-arm64-gnu
65 silly reify mark deleted [
65 silly reify   'C:\\Users\\Teoh\\posthub\\node_modules\\@next\\swc-linux-arm64-gnu'
65 silly reify ]
66 verbose reify failed optional dependency C:\Users\Teoh\posthub\node_modules\@next\swc-darwin-x64
67 silly reify mark deleted [ 'C:\\Users\\Teoh\\posthub\\node_modules\\@next\\swc-darwin-x64' ]
68 verbose reify failed optional dependency C:\Users\Teoh\posthub\node_modules\@next\swc-darwin-arm64
69 silly reify mark deleted [ 'C:\\Users\\Teoh\\posthub\\node_modules\\@next\\swc-darwin-arm64' ]
70 timing reifyNode:node_modules/fsevents Completed in 6ms
71 timing reifyNode:node_modules/@next/swc-win32-ia32-msvc Completed in 6ms
72 timing reifyNode:node_modules/@next/swc-win32-arm64-msvc Completed in 6ms
73 timing reifyNode:node_modules/@next/swc-linux-x64-musl Completed in 6ms
74 timing reifyNode:node_modules/@next/swc-linux-x64-gnu Completed in 5ms
75 timing reifyNode:node_modules/@next/swc-linux-arm64-musl Completed in 5ms
76 timing reifyNode:node_modules/@next/swc-linux-arm64-gnu Completed in 5ms
77 timing reifyNode:node_modules/@next/swc-darwin-x64 Completed in 5ms
78 timing reifyNode:node_modules/@next/swc-darwin-arm64 Completed in 5ms
79 timing reify:unpack Completed in 7ms
80 timing reify:unretire Completed in 0ms
81 timing build:queue Completed in 6ms
82 timing build:deps Completed in 6ms
83 timing build Completed in 6ms
84 timing reify:build Completed in 6ms
85 timing reify:trash Completed in 2ms
86 timing reify:save Completed in 41ms
87 http fetch POST 200 https://registry.npmjs.org/-/npm/v1/security/advisories/bulk 191ms
88 timing auditReport:getReport Completed in 196ms
89 silly audit report {}
90 timing auditReport:init Completed in 0ms
91 timing reify:audit Completed in 197ms
92 timing reify Completed in 1348ms
93 silly ADD
94 silly ADD
95 silly ADD
96 silly ADD
97 silly ADD
98 silly ADD
99 silly ADD
100 silly ADD
101 silly ADD
102 timing command:install Completed in 1355ms
103 verbose exit 0
104 timing npm Completed in 1713ms
105 info ok
